Arguments: 
  C:\Users\Matthew_Dev\AppData\Roaming\nvm\v18.18.0\node.exe C:\Program Files (x86)\Yarn\bin\yarn.js test:dev

PATH: 
  C:\Users\Matthew_Dev\bin;C:\Program Files\Git\mingw64\bin;C:\Program Files\Git\usr\local\bin;C:\Program Files\Git\usr\bin;C:\Program Files\Git\usr\bin;C:\Program Files\Git\mingw64\bin;C:\Program Files\Git\usr\bin;C:\Users\Matthew_Dev\bin;C:\Program Files\Common Files\Oracle\Java\javapath;C:\WINDOWS\system32;C:\WINDOWS;C:\WINDOWS\System32\Wbem;C:\WINDOWS\System32\WindowsPowerShell\v1.0;C:\WINDOWS\System32\OpenSSH;C:\ProgramData\chocolatey\bin;C:\Program Files (x86)\Yarn\bin;C:\Users\Matthew_Dev\AppData\Local\Android\Sdk\emulator;C:\Users\Matthew_Dev\AppData\Local\Android\Sdk\tools;C:\Users\Matthew_Dev\AppData\Local\Android\Sdk\tools\bin;C:\Users\Matthew_Dev\AppData\Local\Android\Sdk\platform-tools;C:\Program Files (x86)\dotnet;C:\Program Files\Microsoft VS Code\bin;C:\Users\Matthew_Dev\Downloads;C:\Program Files\Java\jdk-17.0.6\bin;C:\maven\bin;C:\Program Files\Docker\Docker\resources\bin;C:\Program Files\Git\cmd;C:\Users\Matthew_Dev\AppData\Local\Programs\Python\Launcher;C:\Users\Matthew_Dev\AppData\Local\Programs\Python\Python311\Scripts;C:\Users\Matthew_Dev\AppData\Local\Programs\Python\Python311;C:\Users\Matthew_Dev\AppData\Local\pnpm;C:\Users\Matthew_Dev\scoop\shims;C:\Users\Matthew_Dev\AppData\Local\Microsoft\WindowsApps;C:\Users\Matthew_Dev\AppData\Local\Yarn\bin;C:\Users\Matthew_Dev\AppData\Roaming\nvm;C:\Users\Matthew_Dev\AppData\Roaming\nvm;C:\Program Files\nodejs;C:\Program Files\Git\usr\bin\vendor_perl;C:\Program Files\Git\usr\bin\core_perl

Yarn version: 
  1.22.19

Node version: 
  18.18.0

Platform: 
  win32 x64

Trace: 
  SyntaxError: C:\Users\Matthew_Dev\Documents\backend\node-do-zero\package.json: Unexpected token } in JSON at position 1086
      at JSON.parse (<anonymous>)
      at C:\Program Files (x86)\Yarn\lib\cli.js:1629:59
      at Generator.next (<anonymous>)
      at step (C:\Program Files (x86)\Yarn\lib\cli.js:310:30)
      at C:\Program Files (x86)\Yarn\lib\cli.js:321:13

npm manifest: 
  {
    "name": "do-zero",
    "version": "1.0.0",
    "main": "server.js",
    "type": "module",
    "scripts": {
      "test:dev": "jest --watch",
      "test": "jest",
      "start": "node server.js",
      "dev": "node --watch --no-warnings server.js",
      "create-tables": "node create-tables.js"
    },
    "keywords": [],
    "author": "",
    "license": "ISC",
    "description": "",
    "engines": {
      "node": ">=20 <16"
    },
    "dependencies": {
      "fastify": "^4.23.2",
      "jsonwebtoken": "^9.0.2",
      "postgres": "^3.3.5"
    },
    "devDependencies": {
      "@typescript-eslint/eslint-plugin": "^6.7.2",
      "dotenv": "^16.3.1",
      "eslint": "^8.50.0",
      "eslint-config-standard-with-typescript": "^39.1.0",
      "eslint-plugin-import": "^2.28.1",
      "eslint-plugin-n": "^16.1.0",
      "eslint-plugin-promise": "^6.1.1",
      "jest": "^29.7.0",
      "typescript": "^5.2.2",
      "vitest": "^0.34.5"
    },
    "jest": {
      "moduleFileExtensions": [
        "js",
        "json",
        "ts"
      ],
      "rootDir": "src",
      "testRegex": ".*\\.spec\\.ts$",
      "transform": {
        "^.+\\.(t|j)s$": "ts-jest"
      },
  }

yarn manifest: 
  No manifest

Lockfile: 
  No lockfile
